Using pre-set license
Built from '2020.3/staging' branch; Version is '2020.3.10f1 (297d780c91bc) revision 2719096'; Using compiler version '192528614'; Build Type 'Release'
OS: 'Windows 10 Home Single Language; OS build 22000.613; Version 2009; 64bit' Language: 'tr' Physical Memory: 16276 MB
BatchMode: 1, IsHumanControllingUs: 0, StartBugReporterOnCrash: 0, Is64bit: 1, IsPro: 0

 COMMAND LINE ARGUMENTS:
D:\Unity\Editor\2020.3.10f1\Editor\Unity.exe
-adb2
-batchMode
-noUpm
-name
AssetImportWorker0
-projectPath
D:/Github_Project/Procedural_Animation/ProceduralAnimation
-logFile
Logs/AssetImportWorker0.log
-srvPort
63016
Successfully changed project path to: D:/Github_Project/Procedural_Animation/ProceduralAnimation
D:/Github_Project/Procedural_Animation/ProceduralAnimation
Using Asset Import Pipeline V2.
Refreshing native plugins compatible for Editor in 30.46 ms, found 2 plugins.
Preloading 0 native plugins for Editor in 0.00 ms.
Initialize engine version: 2020.3.10f1 (297d780c91bc)
[Subsystems] Discovering subsystems at path D:/Unity/Editor/2020.3.10f1/Editor/Data/Resources/UnitySubsystems
[Subsystems] Discovering subsystems at path D:/Github_Project/Procedural_Animation/ProceduralAnimation/Assets
GfxDevice: creating device client; threaded=0
Direct3D:
    Version:  Direct3D 11.0 [level 11.1]
    Renderer: NVIDIA GeForce GTX 1050 Ti (ID=0x1c8c)
    Vendor:   
    VRAM:     4021 MB
    Driver:   30.0.15.1277
Initialize mono
Mono path[0] = 'D:/Unity/Editor/2020.3.10f1/Editor/Data/Managed'
Mono path[1] = 'D:/Unity/Editor/2020.3.10f1/Editor/Data/MonoBleedingEdge/lib/mono/unityjit'
Mono config path = 'D:/Unity/Editor/2020.3.10f1/Editor/Data/MonoBleedingEdge/etc'
Using monoOptions --debugger-agent=transport=dt_socket,embedding=1,server=y,suspend=n,address=127.0.0.1:56052
Begin MonoManager ReloadAssembly
Registering precompiled unity dll's ...
Register platform support module: D:/Unity/Editor/2020.3.10f1/Editor/Data/PlaybackEngines/WindowsStandaloneSupport/UnityEditor.WindowsStandalone.Extensions.dll
Registered in 0.001875 seconds.
Native extension for WindowsStandalone target not found
Refreshing native plugins compatible for Editor in 38.52 ms, found 2 plugins.
Preloading 0 native plugins for Editor in 0.00 ms.
Mono: successfully reloaded assembly
- Completed reload, in  4.910 seconds
Platform modules already initialized, skipping
Registering precompiled user dll's ...
Registered in 0.004732 seconds.
Begin MonoManager ReloadAssembly
Native extension for WindowsStandalone target not found
Refreshing native plugins compatible for Editor in 0.37 ms, found 2 plugins.
Preloading 0 native plugins for Editor in 0.00 ms.
Mono: successfully reloaded assembly
- Completed reload, in  1.437 seconds
Platform modules already initialized, skipping
========================================================================
Worker process is ready to serve import requests
Launched and connected shader compiler UnityShaderCompiler.exe after 0.34 seconds
Refreshing native plugins compatible for Editor in 0.30 ms, found 2 plugins.
Preloading 0 native plugins for Editor in 0.00 ms.
Unloading 1386 Unused Serialized files (Serialized files now loaded: 0)
System memory in use before: 64.6 MB.
System memory in use after: 64.7 MB.

Unloading 19 unused Assets to reduce memory usage. Loaded Objects now: 1819.
Total: 2.573600 ms (FindLiveObjects: 0.163600 ms CreateObjectMapping: 0.050500 ms MarkObjects: 2.269700 ms  DeleteObjects: 0.088400 ms)

========================================================================
Received Import Request.
  path: Assets/Scripts
  artifactKey: Guid(ba8113f0f1650ee48bd2c578440dbafd) Importer(815301076,1909f56bfc062723c751e8b465ee728b)
Start importing Assets/Scripts using Guid(ba8113f0f1650ee48bd2c578440dbafd) Importer(815301076,1909f56bfc062723c751e8b465ee728b)  -> (artifact id: 'af28951f5f5fc29d4b530641b2f76ce8') in 0.013398 seconds
  Import took 0.015939 seconds .

========================================================================
Received Import Request.
  Time since last request: 0.000306 seconds.
  path: Assets
  artifactKey: Guid(00000000000000001000000000000000) Importer(815301076,1909f56bfc062723c751e8b465ee728b)
Start importing Assets using Guid(00000000000000001000000000000000) Importer(815301076,1909f56bfc062723c751e8b465ee728b)  -> (artifact id: '42d402b061de3733987d63b9cc3b64de') in 0.002121 seconds
  Import took 0.007094 seconds .

========================================================================
Received Import Request.
  Time since last request: 1.847698 seconds.
  path: Assets/Sprites
  artifactKey: Guid(e888de3290e85e2459ad85bad36987bd) Importer(815301076,1909f56bfc062723c751e8b465ee728b)
Start importing Assets/Sprites using Guid(e888de3290e85e2459ad85bad36987bd) Importer(815301076,1909f56bfc062723c751e8b465ee728b)  -> (artifact id: '1a45d810cf3dc04e4f3c37aa9c33810f') in 0.003258 seconds
  Import took 0.560186 seconds .

========================================================================
Received Import Request.
  Time since last request: 7.651312 seconds.
  path: Assets/Materials
  artifactKey: Guid(123a91c74b80df24693dce65e9e6c8f8) Importer(815301076,1909f56bfc062723c751e8b465ee728b)
Start importing Assets/Materials using Guid(123a91c74b80df24693dce65e9e6c8f8) Importer(815301076,1909f56bfc062723c751e8b465ee728b)  -> (artifact id: '9ec6b1796d5e5907057f36d9fb46c6fe') in 0.003442 seconds
  Import took 0.065627 seconds .

AssetImportWorkerClient::OnTransportError - code=2 error=End of file
